<?xml version="1.0" encoding="UTF-8"?>
<testsuites name="jest tests" tests="2" failures="1" errors="0" time="1.652">
  <testsuite name="#1658 test cases" errors="0" failures="1" skipped="0" timestamp="2025-02-17T22:44:35" time="1.641" tests="2">
    <testcase classname="#1658 test cases should pass" name="#1658 test cases should pass" time="0">
    </testcase>
    <testcase classname="#1658 test cases should fail" name="#1658 test cases should fail" time="0">
      <failure>Error: expect(received).toBe(expected) // Object.is equality

Expected: true
Received: false
    at Object.toBe (/Users/tthielen/projects/codebeamer-integration/index.test.js:11:23)
    at Promise.then.completed (/Users/tthielen/projects/codebeamer-integration/node_modules/jest-circus/build/utils.js:298:28)
    at new Promise (&lt;anonymous&gt;)
    at callAsyncCircusFn (/Users/tthielen/projects/codebeamer-integration/node_modules/jest-circus/build/utils.js:231:10)
    at _callCircusTest (/Users/tthielen/projects/codebeamer-integration/node_modules/jest-circus/build/run.js:316:40)
    at _runTest (/Users/tthielen/projects/codebeamer-integration/node_modules/jest-circus/build/run.js:252:3)
    at _runTestsForDescribeBlock (/Users/tthielen/projects/codebeamer-integration/node_modules/jest-circus/build/run.js:126:9)
    at _runTestsForDescribeBlock (/Users/tthielen/projects/codebeamer-integration/node_modules/jest-circus/build/run.js:121:9)
    at run (/Users/tthielen/projects/codebeamer-integration/node_modules/jest-circus/build/run.js:71:3)
    at runAndTransformResultsToJestFormat (/Users/tthielen/projects/codebeamer-integration/node_modules/jest-circus/build/legacy-code-todo-rewrite/jestAdapterInit.js:122:21)
    at jestAdapter (/Users/tthielen/projects/codebeamer-integration/node_modules/jest-circus/build/legacy-code-todo-rewrite/jestAdapter.js:79:19)
    at runTestInternal (/Users/tthielen/projects/codebeamer-integration/node_modules/jest-runner/build/runTest.js:367:16)
    at runTest (/Users/tthielen/projects/codebeamer-integration/node_modules/jest-runner/build/runTest.js:444:34)</failure>
    </testcase>
  </testsuite>
</testsuites>